{"uuid":"216c8e5e-dfb1-43b9-84f9-f2c8f81989f1","historyId":"d1cde04f99999b17a4d26a46013c3b53","fullName":"GrafanaWeb.test02","labels":[{"name":"package","value":"GrafanaWeb"},{"name":"testClass","value":"GrafanaWeb"},{"name":"testMethod","value":"test02"},{"name":"parentSuite","value":"Default Suite"},{"name":"suite","value":"HackathonJava"},{"name":"subSuite","value":"GrafanaWeb"},{"name":"host","value":"DESKTOP-5PRV2GL"},{"name":"thread","value":"23276@DESKTOP-5PRV2GL.main(1)"},{"name":"framework","value":"testng"},{"name":"language","value":"java"}],"links":[],"name":"test02","status":"failed","statusDetails":{"known":false,"muted":false,"flaky":false,"message":"expected [true] but found [false]","trace":"java.lang.AssertionError: expected [true] but found [false]\r\n\tat org.testng.Assert.fail(Assert.java:99)\r\n\tat org.testng.Assert.failNotEquals(Assert.java:1037)\r\n\tat org.testng.Assert.assertTrue(Assert.java:45)\r\n\tat org.testng.Assert.assertTrue(Assert.java:55)\r\n\tat Workflow.GrafanaWeb.WF_Web.createUser(WF_Web.java:38)\r\n\tat GrafanaWeb.test02(GrafanaWeb.java:17)\r\n\tat sun.reflect.NativeMethodAccessorImpl.invoke0(Native Method)\r\n\tat sun.reflect.NativeMethodAccessorImpl.invoke(NativeMethodAccessorImpl.java:62)\r\n\tat sun.reflect.DelegatingMethodAccessorImpl.invoke(DelegatingMethodAccessorImpl.java:43)\r\n\tat java.lang.reflect.Method.invoke(Method.java:498)\r\n\tat org.testng.internal.MethodInvocationHelper.invokeMethod(MethodInvocationHelper.java:133)\r\n\tat org.testng.internal.TestInvoker.invokeMethod(TestInvoker.java:598)\r\n\tat org.testng.internal.TestInvoker.invokeTestMethod(TestInvoker.java:173)\r\n\tat org.testng.internal.MethodRunner.runInSequence(MethodRunner.java:46)\r\n\tat org.testng.internal.TestInvoker$MethodInvocationAgent.invoke(TestInvoker.java:824)\r\n\tat org.testng.internal.TestInvoker.invokeTestMethods(TestInvoker.java:146)\r\n\tat org.testng.internal.TestMethodWorker.invokeTestMethods(TestMethodWorker.java:146)\r\n\tat org.testng.internal.TestMethodWorker.run(TestMethodWorker.java:128)\r\n\tat java.util.ArrayList.forEach(ArrayList.java:1257)\r\n\tat org.testng.TestRunner.privateRun(TestRunner.java:794)\r\n\tat org.testng.TestRunner.run(TestRunner.java:596)\r\n\tat org.testng.SuiteRunner.runTest(SuiteRunner.java:377)\r\n\tat org.testng.SuiteRunner.runSequentially(SuiteRunner.java:371)\r\n\tat org.testng.SuiteRunner.privateRun(SuiteRunner.java:332)\r\n\tat org.testng.SuiteRunner.run(SuiteRunner.java:276)\r\n\tat org.testng.SuiteRunnerWorker.runSuite(SuiteRunnerWorker.java:53)\r\n\tat org.testng.SuiteRunnerWorker.run(SuiteRunnerWorker.java:96)\r\n\tat org.testng.TestNG.runSuitesSequentially(TestNG.java:1212)\r\n\tat org.testng.TestNG.runSuitesLocally(TestNG.java:1134)\r\n\tat org.testng.TestNG.runSuites(TestNG.java:1063)\r\n\tat org.testng.TestNG.run(TestNG.java:1031)\r\n\tat com.intellij.rt.testng.IDEARemoteTestNG.run(IDEARemoteTestNG.java:66)\r\n\tat com.intellij.rt.testng.RemoteTestNGStarter.main(RemoteTestNGStarter.java:109)\r\n"},"stage":"finished","steps":[{"name":"createUser","status":"failed","statusDetails":{"known":false,"muted":false,"flaky":false,"message":"expected [true] but found [false]","trace":"java.lang.AssertionError: expected [true] but found [false]\r\n\tat org.testng.Assert.fail(Assert.java:99)\r\n\tat org.testng.Assert.failNotEquals(Assert.java:1037)\r\n\tat org.testng.Assert.assertTrue(Assert.java:45)\r\n\tat org.testng.Assert.assertTrue(Assert.java:55)\r\n\tat Workflow.GrafanaWeb.WF_Web.createUser(WF_Web.java:38)\r\n\tat GrafanaWeb.test02(GrafanaWeb.java:17)\r\n\tat sun.reflect.NativeMethodAccessorImpl.invoke0(Native Method)\r\n\tat sun.reflect.NativeMethodAccessorImpl.invoke(NativeMethodAccessorImpl.java:62)\r\n\tat sun.reflect.DelegatingMethodAccessorImpl.invoke(DelegatingMethodAccessorImpl.java:43)\r\n\tat java.lang.reflect.Method.invoke(Method.java:498)\r\n\tat org.testng.internal.MethodInvocationHelper.invokeMethod(MethodInvocationHelper.java:133)\r\n\tat org.testng.internal.TestInvoker.invokeMethod(TestInvoker.java:598)\r\n\tat org.testng.internal.TestInvoker.invokeTestMethod(TestInvoker.java:173)\r\n\tat org.testng.internal.MethodRunner.runInSequence(MethodRunner.java:46)\r\n\tat org.testng.internal.TestInvoker$MethodInvocationAgent.invoke(TestInvoker.java:824)\r\n\tat org.testng.internal.TestInvoker.invokeTestMethods(TestInvoker.java:146)\r\n\tat org.testng.internal.TestMethodWorker.invokeTestMethods(TestMethodWorker.java:146)\r\n\tat org.testng.internal.TestMethodWorker.run(TestMethodWorker.java:128)\r\n\tat java.util.ArrayList.forEach(ArrayList.java:1257)\r\n\tat org.testng.TestRunner.privateRun(TestRunner.java:794)\r\n\tat org.testng.TestRunner.run(TestRunner.java:596)\r\n\tat org.testng.SuiteRunner.runTest(SuiteRunner.java:377)\r\n\tat org.testng.SuiteRunner.runSequentially(SuiteRunner.java:371)\r\n\tat org.testng.SuiteRunner.privateRun(SuiteRunner.java:332)\r\n\tat org.testng.SuiteRunner.run(SuiteRunner.java:276)\r\n\tat org.testng.SuiteRunnerWorker.runSuite(SuiteRunnerWorker.java:53)\r\n\tat org.testng.SuiteRunnerWorker.run(SuiteRunnerWorker.java:96)\r\n\tat org.testng.TestNG.runSuitesSequentially(TestNG.java:1212)\r\n\tat org.testng.TestNG.runSuitesLocally(TestNG.java:1134)\r\n\tat org.testng.TestNG.runSuites(TestNG.java:1063)\r\n\tat org.testng.TestNG.run(TestNG.java:1031)\r\n\tat com.intellij.rt.testng.IDEARemoteTestNG.run(IDEARemoteTestNG.java:66)\r\n\tat com.intellij.rt.testng.RemoteTestNGStarter.main(RemoteTestNGStarter.java:109)\r\n"},"stage":"finished","steps":[{"name":"Navigate to users page","status":"passed","stage":"finished","steps":[{"name":"Click","status":"passed","stage":"finished","steps":[],"attachments":[],"parameters":[{"name":"elem","value":"[[ChromeDriver: chrome on WINDOWS (bafb21d3e54fd0aedd721445dee78d45)] -> xpath: //*[@id='reactRoot']/div/nav/div[2]/div[7]/a]"}],"start":1638199228809,"stop":1638199228947}],"attachments":[],"parameters":[],"start":1638199228783,"stop":1638199228947},{"name":"Navigate to create user form","status":"passed","stage":"finished","steps":[{"name":"Click","status":"passed","stage":"finished","steps":[],"attachments":[],"parameters":[{"name":"elem","value":"[[ChromeDriver: chrome on WINDOWS (bafb21d3e54fd0aedd721445dee78d45)] -> xpath: //a[@class='css-aja5tg-button']]"}],"start":1638199228972,"stop":1638199229194},{"name":"Updating text","status":"passed","stage":"finished","steps":[],"attachments":[],"parameters":[{"name":"elem","value":"[[ChromeDriver: chrome on WINDOWS (bafb21d3e54fd0aedd721445dee78d45)] -> xpath: //input[@name='name']]"},{"name":"text","value":"kuku23"}],"start":1638199229219,"stop":1638199229351},{"name":"Updating text","status":"passed","stage":"finished","steps":[],"attachments":[],"parameters":[{"name":"elem","value":"[[ChromeDriver: chrome on WINDOWS (bafb21d3e54fd0aedd721445dee78d45)] -> xpath: //input[@name='email']]"},{"name":"text","value":"kuku23@gmail.com"}],"start":1638199229380,"stop":1638199229542},{"name":"Updating text","status":"passed","stage":"finished","steps":[],"attachments":[],"parameters":[{"name":"elem","value":"[[ChromeDriver: chrome on WINDOWS (bafb21d3e54fd0aedd721445dee78d45)] -> xpath: //input[@name='login']]"},{"name":"text","value":"KukuUser23"}],"start":1638199229556,"stop":1638199229681},{"name":"Updating text","status":"passed","stage":"finished","steps":[],"attachments":[],"parameters":[{"name":"elem","value":"[[ChromeDriver: chrome on WINDOWS (bafb21d3e54fd0aedd721445dee78d45)] -> xpath: //input[@name='password']]"},{"name":"text","value":"12345"}],"start":1638199229700,"stop":1638199229837},{"name":"Click","status":"passed","stage":"finished","steps":[],"attachments":[],"parameters":[{"name":"elem","value":"[[ChromeDriver: chrome on WINDOWS (bafb21d3e54fd0aedd721445dee78d45)] -> xpath: //button[@class='css-aja5tg-button']]"}],"start":1638199229876,"stop":1638199230080}],"attachments":[],"parameters":[{"name":"name","value":"kuku23"},{"name":"email","value":"kuku23@gmail.com"},{"name":"username","value":"KukuUser23"},{"name":"password","value":"12345"}],"start":1638199228947,"stop":1638199230080},{"name":"Check if a given user is contained in the list","status":"passed","stage":"finished","steps":[{"name":"check if a given username is inside the list","status":"passed","stage":"finished","steps":[{"name":"Check if a given text exists in a list","status":"passed","stage":"finished","steps":[],"attachments":[],"parameters":[{"name":"key","value":"KukuUser23"},{"name":"list","value":"[]"}],"start":1638199241118,"stop":1638199251132}],"attachments":[],"parameters":[{"name":"username","value":"KukuUser23"}],"start":1638199231090,"stop":1638199251132}],"attachments":[],"parameters":[{"name":"username","value":"KukuUser23"}],"start":1638199231089,"stop":1638199251132}],"attachments":[],"parameters":[{"name":"name","value":"kuku23"},{"name":"email","value":"kuku23@gmail.com"},{"name":"username","value":"KukuUser23"},{"name":"password","value":"12345"}],"start":1638199228783,"stop":1638199251132}],"attachments":[],"parameters":[{"name":"arg3","value":"12345"},{"name":"arg2","value":"KukuUser23"},{"name":"arg1","value":"kuku23@gmail.com"},{"name":"arg0","value":"kuku23"}],"start":1638199228782,"stop":1638199251134}